[2026-02-01T20:40:01.818+0000] {manager.py:470} INFO - Processing files using up to 2 processes at a time 
[2026-02-01T20:40:01.819+0000] {manager.py:471} INFO - Process each file at most once every 30 seconds
[2026-02-01T20:40:01.820+0000] {manager.py:472} INFO - Checking for new files in /opt/airflow/dags every 300 seconds
[2026-02-01T20:40:01.821+0000] {manager.py:737} INFO - Searching for files in /opt/airflow/dags
[2026-02-01T20:40:01.830+0000] {manager.py:740} INFO - There are 1 files in /opt/airflow/dags
[2026-02-01T20:40:01.926+0000] {manager.py:878} INFO - 
================================================================================
DAG File Processing Stats

File Path                                   PID  Runtime      # DAGs    # Errors  Last Runtime    Last Run
----------------------------------------  -----  ---------  --------  ----------  --------------  ----------
/opt/airflow/dags/flatten_sources_dag.py     33  0.04s             0           0
================================================================================
[2026-02-01T20:40:32.047+0000] {manager.py:878} INFO - 
================================================================================
DAG File Processing Stats

File Path                                 PID    Runtime      # DAGs    # Errors  Last Runtime    Last Run
----------------------------------------  -----  ---------  --------  ----------  --------------  -------------------
/opt/airflow/dags/flatten_sources_dag.py                           1           0  1.52s           2026-02-01T20:40:03
================================================================================
[2026-02-01T20:41:02.051+0000] {manager.py:878} INFO - 
================================================================================
DAG File Processing Stats

File Path                                 PID    Runtime      # DAGs    # Errors  Last Runtime    Last Run
----------------------------------------  -----  ---------  --------  ----------  --------------  -------------------
/opt/airflow/dags/flatten_sources_dag.py                           1           0  0.39s           2026-02-01T20:40:33
================================================================================
[2026-02-01T20:41:32.189+0000] {manager.py:878} INFO - 
================================================================================
DAG File Processing Stats

File Path                                 PID    Runtime      # DAGs    # Errors  Last Runtime    Last Run
----------------------------------------  -----  ---------  --------  ----------  --------------  -------------------
/opt/airflow/dags/flatten_sources_dag.py                           1           0  0.38s           2026-02-01T20:41:04
================================================================================
[2026-02-01T20:42:02.703+0000] {manager.py:878} INFO - 
================================================================================
DAG File Processing Stats

File Path                                 PID    Runtime      # DAGs    # Errors  Last Runtime    Last Run
----------------------------------------  -----  ---------  --------  ----------  --------------  -------------------
/opt/airflow/dags/flatten_sources_dag.py                           1           0  0.38s           2026-02-01T20:41:34
================================================================================
[2026-02-01T20:42:33.216+0000] {manager.py:878} INFO - 
================================================================================
DAG File Processing Stats

File Path                                 PID    Runtime      # DAGs    # Errors  Last Runtime    Last Run
----------------------------------------  -----  ---------  --------  ----------  --------------  -------------------
/opt/airflow/dags/flatten_sources_dag.py                           1           0  0.36s           2026-02-01T20:42:05
================================================================================
[2026-02-01T20:43:03.705+0000] {manager.py:878} INFO - 
================================================================================
DAG File Processing Stats

File Path                                 PID    Runtime      # DAGs    # Errors  Last Runtime    Last Run
----------------------------------------  -----  ---------  --------  ----------  --------------  -------------------
/opt/airflow/dags/flatten_sources_dag.py                           1           0  0.37s           2026-02-01T20:42:35
================================================================================
[2026-02-01T20:43:34.195+0000] {manager.py:878} INFO - 
================================================================================
DAG File Processing Stats

File Path                                 PID    Runtime      # DAGs    # Errors  Last Runtime    Last Run
----------------------------------------  -----  ---------  --------  ----------  --------------  -------------------
/opt/airflow/dags/flatten_sources_dag.py                           1           0  0.41s           2026-02-01T20:43:06
================================================================================
[2026-02-01T20:44:04.728+0000] {manager.py:878} INFO - 
================================================================================
DAG File Processing Stats

File Path                                 PID    Runtime      # DAGs    # Errors  Last Runtime    Last Run
----------------------------------------  -----  ---------  --------  ----------  --------------  -------------------
/opt/airflow/dags/flatten_sources_dag.py                           1           0  0.39s           2026-02-01T20:43:36
================================================================================
[2026-02-01T20:44:35.239+0000] {manager.py:878} INFO - 
================================================================================
DAG File Processing Stats

File Path                                 PID    Runtime      # DAGs    # Errors  Last Runtime    Last Run
----------------------------------------  -----  ---------  --------  ----------  --------------  -------------------
/opt/airflow/dags/flatten_sources_dag.py                           1           0  0.38s           2026-02-01T20:44:07
================================================================================
[2026-02-01T20:45:02.120+0000] {manager.py:737} INFO - Searching for files in /opt/airflow/dags
[2026-02-01T20:45:02.138+0000] {manager.py:740} INFO - There are 1 files in /opt/airflow/dags
[2026-02-01T20:45:05.750+0000] {manager.py:878} INFO - 
================================================================================
DAG File Processing Stats

File Path                                 PID    Runtime      # DAGs    # Errors  Last Runtime    Last Run
----------------------------------------  -----  ---------  --------  ----------  --------------  -------------------
/opt/airflow/dags/flatten_sources_dag.py                           1           0  0.40s           2026-02-01T20:44:38
================================================================================
[2026-02-01T20:45:36.302+0000] {manager.py:878} INFO - 
================================================================================
DAG File Processing Stats

File Path                                 PID    Runtime      # DAGs    # Errors  Last Runtime    Last Run
----------------------------------------  -----  ---------  --------  ----------  --------------  -------------------
/opt/airflow/dags/flatten_sources_dag.py                           1           0  0.38s           2026-02-01T20:45:08
================================================================================
[2026-02-01T20:46:06.820+0000] {manager.py:878} INFO - 
================================================================================
DAG File Processing Stats

File Path                                 PID    Runtime      # DAGs    # Errors  Last Runtime    Last Run
----------------------------------------  -----  ---------  --------  ----------  --------------  -------------------
/opt/airflow/dags/flatten_sources_dag.py                           1           0  0.39s           2026-02-01T20:45:39
================================================================================
[2026-02-01T20:46:36.946+0000] {manager.py:878} INFO - 
================================================================================
DAG File Processing Stats

File Path                                 PID    Runtime      # DAGs    # Errors  Last Runtime    Last Run
----------------------------------------  -----  ---------  --------  ----------  --------------  -------------------
/opt/airflow/dags/flatten_sources_dag.py                           1           0  0.61s           2026-02-01T20:46:09
================================================================================
[2026-02-01T20:47:07.478+0000] {manager.py:878} INFO - 
================================================================================
DAG File Processing Stats

File Path                                 PID    Runtime      # DAGs    # Errors  Last Runtime    Last Run
----------------------------------------  -----  ---------  --------  ----------  --------------  -------------------
/opt/airflow/dags/flatten_sources_dag.py                           1           0  0.41s           2026-02-01T20:46:47
================================================================================
[2026-02-01T20:47:37.571+0000] {manager.py:878} INFO - 
================================================================================
DAG File Processing Stats

File Path                                 PID    Runtime      # DAGs    # Errors  Last Runtime    Last Run
----------------------------------------  -----  ---------  --------  ----------  --------------  -------------------
/opt/airflow/dags/flatten_sources_dag.py                           1           0  0.57s           2026-02-01T20:47:18
================================================================================
[2026-02-01T20:48:08.140+0000] {manager.py:878} INFO - 
================================================================================
DAG File Processing Stats

File Path                                 PID    Runtime      # DAGs    # Errors  Last Runtime    Last Run
----------------------------------------  -----  ---------  --------  ----------  --------------  -------------------
/opt/airflow/dags/flatten_sources_dag.py                           1           0  0.43s           2026-02-01T20:47:49
================================================================================
[2026-02-01T20:48:38.285+0000] {manager.py:878} INFO - 
================================================================================
DAG File Processing Stats

File Path                                 PID    Runtime      # DAGs    # Errors  Last Runtime    Last Run
----------------------------------------  -----  ---------  --------  ----------  --------------  -------------------
/opt/airflow/dags/flatten_sources_dag.py                           1           0  0.44s           2026-02-01T20:48:19
================================================================================
[2026-02-01T20:49:08.850+0000] {manager.py:878} INFO - 
================================================================================
DAG File Processing Stats

File Path                                 PID    Runtime      # DAGs    # Errors  Last Runtime    Last Run
----------------------------------------  -----  ---------  --------  ----------  --------------  -------------------
/opt/airflow/dags/flatten_sources_dag.py                           1           0  0.43s           2026-02-01T20:48:50
================================================================================
[2026-02-01T20:49:39.410+0000] {manager.py:878} INFO - 
================================================================================
DAG File Processing Stats

File Path                                 PID    Runtime      # DAGs    # Errors  Last Runtime    Last Run
----------------------------------------  -----  ---------  --------  ----------  --------------  -------------------
/opt/airflow/dags/flatten_sources_dag.py                           1           0  0.42s           2026-02-01T20:49:20
================================================================================
[2026-02-01T20:50:02.520+0000] {manager.py:737} INFO - Searching for files in /opt/airflow/dags
[2026-02-01T20:50:02.536+0000] {manager.py:740} INFO - There are 1 files in /opt/airflow/dags
[2026-02-01T20:50:09.576+0000] {manager.py:878} INFO - 
================================================================================
DAG File Processing Stats

File Path                                 PID    Runtime      # DAGs    # Errors  Last Runtime    Last Run
----------------------------------------  -----  ---------  --------  ----------  --------------  -------------------
/opt/airflow/dags/flatten_sources_dag.py                           1           0  0.59s           2026-02-01T20:49:51
================================================================================
[2026-02-01T20:50:39.722+0000] {manager.py:878} INFO - 
================================================================================
DAG File Processing Stats

File Path                                 PID    Runtime      # DAGs    # Errors  Last Runtime    Last Run
----------------------------------------  -----  ---------  --------  ----------  --------------  -------------------
/opt/airflow/dags/flatten_sources_dag.py                           1           0  0.38s           2026-02-01T20:50:22
================================================================================
[2026-02-01T20:51:10.227+0000] {manager.py:878} INFO - 
================================================================================
DAG File Processing Stats

File Path                                 PID    Runtime      # DAGs    # Errors  Last Runtime    Last Run
----------------------------------------  -----  ---------  --------  ----------  --------------  -------------------
/opt/airflow/dags/flatten_sources_dag.py                           1           0  0.41s           2026-02-01T20:50:52
================================================================================
[2026-02-01T20:51:40.755+0000] {manager.py:878} INFO - 
================================================================================
DAG File Processing Stats

File Path                                 PID    Runtime      # DAGs    # Errors  Last Runtime    Last Run
----------------------------------------  -----  ---------  --------  ----------  --------------  -------------------
/opt/airflow/dags/flatten_sources_dag.py                           1           0  0.41s           2026-02-01T20:51:23
================================================================================
[2026-02-01T20:52:10.826+0000] {manager.py:878} INFO - 
================================================================================
DAG File Processing Stats

File Path                                 PID    Runtime      # DAGs    # Errors  Last Runtime    Last Run
----------------------------------------  -----  ---------  --------  ----------  --------------  -------------------
/opt/airflow/dags/flatten_sources_dag.py                           1           0  0.53s           2026-02-01T20:51:53
================================================================================
[2026-02-01T20:52:29.665+0000] {manager.py:452} INFO - Exiting gracefully upon receiving signal 15
[2026-02-01T20:56:32.205+0000] {manager.py:470} INFO - Processing files using up to 2 processes at a time 
[2026-02-01T20:56:32.206+0000] {manager.py:471} INFO - Process each file at most once every 30 seconds
[2026-02-01T20:56:32.207+0000] {manager.py:472} INFO - Checking for new files in /opt/airflow/dags every 300 seconds
[2026-02-01T20:56:32.208+0000] {manager.py:737} INFO - Searching for files in /opt/airflow/dags
[2026-02-01T20:56:32.232+0000] {manager.py:740} INFO - There are 1 files in /opt/airflow/dags
[2026-02-01T20:56:32.332+0000] {manager.py:878} INFO - 
================================================================================
DAG File Processing Stats

File Path                                   PID  Runtime      # DAGs    # Errors  Last Runtime    Last Run
----------------------------------------  -----  ---------  --------  ----------  --------------  ----------
/opt/airflow/dags/flatten_sources_dag.py     50  0.04s             0           0
================================================================================
[2026-02-01T20:57:02.436+0000] {manager.py:878} INFO - 
================================================================================
DAG File Processing Stats

File Path                                 PID    Runtime      # DAGs    # Errors  Last Runtime    Last Run
----------------------------------------  -----  ---------  --------  ----------  --------------  -------------------
/opt/airflow/dags/flatten_sources_dag.py                           1           0  2.04s           2026-02-01T20:56:34
================================================================================
[2026-02-01T20:57:32.584+0000] {manager.py:878} INFO - 
================================================================================
DAG File Processing Stats

File Path                                 PID    Runtime      # DAGs    # Errors  Last Runtime    Last Run
----------------------------------------  -----  ---------  --------  ----------  --------------  -------------------
/opt/airflow/dags/flatten_sources_dag.py                           1           0  0.41s           2026-02-01T20:57:04
================================================================================
[2026-02-01T20:58:03.106+0000] {manager.py:878} INFO - 
================================================================================
DAG File Processing Stats

File Path                                 PID    Runtime      # DAGs    # Errors  Last Runtime    Last Run
----------------------------------------  -----  ---------  --------  ----------  --------------  -------------------
/opt/airflow/dags/flatten_sources_dag.py                           1           0  0.38s           2026-02-01T20:57:35
================================================================================
[2026-02-01T20:58:33.123+0000] {manager.py:878} INFO - 
================================================================================
DAG File Processing Stats

File Path                                 PID    Runtime      # DAGs    # Errors  Last Runtime    Last Run
----------------------------------------  -----  ---------  --------  ----------  --------------  -------------------
/opt/airflow/dags/flatten_sources_dag.py                           1           0  0.53s           2026-02-01T20:58:06
================================================================================
[2026-02-01T20:59:03.727+0000] {manager.py:878} INFO - 
================================================================================
DAG File Processing Stats

File Path                                 PID    Runtime      # DAGs    # Errors  Last Runtime    Last Run
----------------------------------------  -----  ---------  --------  ----------  --------------  -------------------
/opt/airflow/dags/flatten_sources_dag.py                           1           0  0.48s           2026-02-01T20:58:36
================================================================================
[2026-02-01T20:59:17.913+0000] {manager.py:452} INFO - Exiting gracefully upon receiving signal 15
[2026-02-01T21:47:04.355+0000] {manager.py:470} INFO - Processing files using up to 2 processes at a time 
[2026-02-01T21:47:04.356+0000] {manager.py:471} INFO - Process each file at most once every 30 seconds
[2026-02-01T21:47:04.359+0000] {manager.py:472} INFO - Checking for new files in /opt/airflow/dags every 300 seconds
[2026-02-01T21:47:04.364+0000] {manager.py:737} INFO - Searching for files in /opt/airflow/dags
[2026-02-01T21:47:04.386+0000] {manager.py:740} INFO - There are 1 files in /opt/airflow/dags
[2026-02-01T21:47:04.489+0000] {manager.py:878} INFO - 
================================================================================
DAG File Processing Stats

File Path                                   PID  Runtime      # DAGs    # Errors  Last Runtime    Last Run
----------------------------------------  -----  ---------  --------  ----------  --------------  ----------
/opt/airflow/dags/flatten_sources_dag.py     50  0.04s             0           0
================================================================================
[2026-02-01T21:47:34.600+0000] {manager.py:878} INFO - 
================================================================================
DAG File Processing Stats

File Path                                 PID    Runtime      # DAGs    # Errors  Last Runtime    Last Run
----------------------------------------  -----  ---------  --------  ----------  --------------  -------------------
/opt/airflow/dags/flatten_sources_dag.py                           1           0  1.60s           2026-02-01T21:47:06
================================================================================
[2026-02-01T21:48:04.704+0000] {manager.py:878} INFO - 
================================================================================
DAG File Processing Stats

File Path                                 PID    Runtime      # DAGs    # Errors  Last Runtime    Last Run
----------------------------------------  -----  ---------  --------  ----------  --------------  -------------------
/opt/airflow/dags/flatten_sources_dag.py                           1           0  0.41s           2026-02-01T21:47:36
================================================================================
[2026-02-01T21:48:34.840+0000] {manager.py:878} INFO - 
================================================================================
DAG File Processing Stats

File Path                                 PID    Runtime      # DAGs    # Errors  Last Runtime    Last Run
----------------------------------------  -----  ---------  --------  ----------  --------------  -------------------
/opt/airflow/dags/flatten_sources_dag.py                           1           0  0.44s           2026-02-01T21:48:07
================================================================================
[2026-02-01T21:49:04.850+0000] {manager.py:878} INFO - 
================================================================================
DAG File Processing Stats

File Path                                 PID    Runtime      # DAGs    # Errors  Last Runtime    Last Run
----------------------------------------  -----  ---------  --------  ----------  --------------  -------------------
/opt/airflow/dags/flatten_sources_dag.py                           1           0  0.45s           2026-02-01T21:48:37
================================================================================
[2026-02-01T21:49:34.980+0000] {manager.py:878} INFO - 
================================================================================
DAG File Processing Stats

File Path                                 PID    Runtime      # DAGs    # Errors  Last Runtime    Last Run
----------------------------------------  -----  ---------  --------  ----------  --------------  -------------------
/opt/airflow/dags/flatten_sources_dag.py                           1           0  0.35s           2026-02-01T21:49:08
================================================================================
[2026-02-01T21:50:05.455+0000] {manager.py:878} INFO - 
================================================================================
DAG File Processing Stats

File Path                                 PID    Runtime      # DAGs    # Errors  Last Runtime    Last Run
----------------------------------------  -----  ---------  --------  ----------  --------------  -------------------
/opt/airflow/dags/flatten_sources_dag.py                           1           0  0.37s           2026-02-01T21:49:38
================================================================================
[2026-02-01T21:50:35.960+0000] {manager.py:878} INFO - 
================================================================================
DAG File Processing Stats

File Path                                 PID    Runtime      # DAGs    # Errors  Last Runtime    Last Run
----------------------------------------  -----  ---------  --------  ----------  --------------  -------------------
/opt/airflow/dags/flatten_sources_dag.py                           1           0  0.37s           2026-02-01T21:50:09
================================================================================
[2026-02-01T21:51:06.447+0000] {manager.py:878} INFO - 
================================================================================
DAG File Processing Stats

File Path                                 PID    Runtime      # DAGs    # Errors  Last Runtime    Last Run
----------------------------------------  -----  ---------  --------  ----------  --------------  -------------------
/opt/airflow/dags/flatten_sources_dag.py                           1           0  0.46s           2026-02-01T21:50:39
================================================================================
[2026-02-01T21:51:36.498+0000] {manager.py:878} INFO - 
================================================================================
DAG File Processing Stats

File Path                                 PID    Runtime      # DAGs    # Errors  Last Runtime    Last Run
----------------------------------------  -----  ---------  --------  ----------  --------------  -------------------
/opt/airflow/dags/flatten_sources_dag.py                           1           0  0.46s           2026-02-01T21:51:10
================================================================================
[2026-02-01T21:52:04.619+0000] {manager.py:737} INFO - Searching for files in /opt/airflow/dags
[2026-02-01T21:52:04.638+0000] {manager.py:740} INFO - There are 1 files in /opt/airflow/dags
[2026-02-01T21:52:06.660+0000] {manager.py:878} INFO - 
================================================================================
DAG File Processing Stats

File Path                                 PID    Runtime      # DAGs    # Errors  Last Runtime    Last Run
----------------------------------------  -----  ---------  --------  ----------  --------------  -------------------
/opt/airflow/dags/flatten_sources_dag.py                           1           0  0.47s           2026-02-01T21:51:40
================================================================================
[2026-02-01T21:52:36.674+0000] {manager.py:878} INFO - 
================================================================================
DAG File Processing Stats

File Path                                 PID    Runtime      # DAGs    # Errors  Last Runtime    Last Run
----------------------------------------  -----  ---------  --------  ----------  --------------  -------------------
/opt/airflow/dags/flatten_sources_dag.py                           1           0  0.45s           2026-02-01T21:52:11
================================================================================
[2026-02-01T21:53:06.803+0000] {manager.py:878} INFO - 
================================================================================
DAG File Processing Stats

File Path                                 PID    Runtime      # DAGs    # Errors  Last Runtime    Last Run
----------------------------------------  -----  ---------  --------  ----------  --------------  -------------------
/opt/airflow/dags/flatten_sources_dag.py                           1           0  0.48s           2026-02-01T21:52:42
================================================================================
[2026-02-01T21:53:34.824+0000] {manager.py:452} INFO - Exiting gracefully upon receiving signal 15
