[2026-02-03T20:44:15.219+0000] {processor.py:161} INFO - Started process (PID=50) to work on /opt/airflow/dags/flatten_sources_dag.py
[2026-02-03T20:44:15.220+0000] {processor.py:830} INFO - Processing file /opt/airflow/dags/flatten_sources_dag.py for tasks to queue
[2026-02-03T20:44:15.222+0000] {logging_mixin.py:188} INFO - [2026-02-03T20:44:15.222+0000] {dagbag.py:545} INFO - Filling up the DagBag from /opt/airflow/dags/flatten_sources_dag.py
[2026-02-03T20:44:16.342+0000] {processor.py:840} INFO - DAG(s) 'flatten_json_xml_to_linear' retrieved from /opt/airflow/dags/flatten_sources_dag.py
[2026-02-03T20:44:16.568+0000] {logging_mixin.py:188} INFO - [2026-02-03T20:44:16.567+0000] {override.py:1858} INFO - Created Permission View: can edit on DAG:flatten_json_xml_to_linear
[2026-02-03T20:44:16.583+0000] {logging_mixin.py:188} INFO - [2026-02-03T20:44:16.583+0000] {override.py:1858} INFO - Created Permission View: can read on DAG:flatten_json_xml_to_linear
[2026-02-03T20:44:16.590+0000] {logging_mixin.py:188} INFO - [2026-02-03T20:44:16.589+0000] {override.py:1858} INFO - Created Permission View: can delete on DAG:flatten_json_xml_to_linear
[2026-02-03T20:44:16.590+0000] {logging_mixin.py:188} INFO - [2026-02-03T20:44:16.590+0000] {dag.py:3089} INFO - Sync 1 DAGs
[2026-02-03T20:44:16.603+0000] {logging_mixin.py:188} INFO - [2026-02-03T20:44:16.603+0000] {dag.py:3111} INFO - Creating ORM DAG for flatten_json_xml_to_linear
[2026-02-03T20:44:16.781+0000] {logging_mixin.py:188} INFO - [2026-02-03T20:44:16.781+0000] {dag.py:3947} INFO - Setting next_dagrun for flatten_json_xml_to_linear to 2026-02-01 00:00:00+00:00, run_after=2026-02-02 00:00:00+00:00
[2026-02-03T20:44:16.795+0000] {processor.py:183} INFO - Processing /opt/airflow/dags/flatten_sources_dag.py took 1.584 seconds
[2026-02-03T20:44:47.000+0000] {processor.py:161} INFO - Started process (PID=54) to work on /opt/airflow/dags/flatten_sources_dag.py
[2026-02-03T20:44:47.002+0000] {processor.py:830} INFO - Processing file /opt/airflow/dags/flatten_sources_dag.py for tasks to queue
[2026-02-03T20:44:47.004+0000] {logging_mixin.py:188} INFO - [2026-02-03T20:44:47.004+0000] {dagbag.py:545} INFO - Filling up the DagBag from /opt/airflow/dags/flatten_sources_dag.py
[2026-02-03T20:44:47.509+0000] {processor.py:840} INFO - DAG(s) 'flatten_json_xml_to_linear' retrieved from /opt/airflow/dags/flatten_sources_dag.py
[2026-02-03T20:44:47.557+0000] {logging_mixin.py:188} INFO - [2026-02-03T20:44:47.556+0000] {dag.py:3089} INFO - Sync 1 DAGs
[2026-02-03T20:44:47.586+0000] {logging_mixin.py:188} INFO - [2026-02-03T20:44:47.586+0000] {dag.py:3947} INFO - Setting next_dagrun for flatten_json_xml_to_linear to 2026-02-01 00:00:00+00:00, run_after=2026-02-02 00:00:00+00:00
[2026-02-03T20:44:47.609+0000] {processor.py:183} INFO - Processing /opt/airflow/dags/flatten_sources_dag.py took 0.617 seconds
[2026-02-03T20:45:17.812+0000] {processor.py:161} INFO - Started process (PID=58) to work on /opt/airflow/dags/flatten_sources_dag.py
[2026-02-03T20:45:17.813+0000] {processor.py:830} INFO - Processing file /opt/airflow/dags/flatten_sources_dag.py for tasks to queue
[2026-02-03T20:45:17.815+0000] {logging_mixin.py:188} INFO - [2026-02-03T20:45:17.814+0000] {dagbag.py:545} INFO - Filling up the DagBag from /opt/airflow/dags/flatten_sources_dag.py
[2026-02-03T20:45:18.125+0000] {processor.py:840} INFO - DAG(s) 'flatten_json_xml_to_linear' retrieved from /opt/airflow/dags/flatten_sources_dag.py
[2026-02-03T20:45:18.154+0000] {logging_mixin.py:188} INFO - [2026-02-03T20:45:18.154+0000] {dag.py:3089} INFO - Sync 1 DAGs
[2026-02-03T20:45:18.181+0000] {logging_mixin.py:188} INFO - [2026-02-03T20:45:18.181+0000] {dag.py:3947} INFO - Setting next_dagrun for flatten_json_xml_to_linear to 2026-02-01 00:00:00+00:00, run_after=2026-02-02 00:00:00+00:00
[2026-02-03T20:45:18.201+0000] {processor.py:183} INFO - Processing /opt/airflow/dags/flatten_sources_dag.py took 0.395 seconds
[2026-02-03T20:45:48.349+0000] {processor.py:161} INFO - Started process (PID=62) to work on /opt/airflow/dags/flatten_sources_dag.py
[2026-02-03T20:45:48.350+0000] {processor.py:830} INFO - Processing file /opt/airflow/dags/flatten_sources_dag.py for tasks to queue
[2026-02-03T20:45:48.353+0000] {logging_mixin.py:188} INFO - [2026-02-03T20:45:48.352+0000] {dagbag.py:545} INFO - Filling up the DagBag from /opt/airflow/dags/flatten_sources_dag.py
[2026-02-03T20:45:48.748+0000] {processor.py:840} INFO - DAG(s) 'flatten_json_xml_to_linear' retrieved from /opt/airflow/dags/flatten_sources_dag.py
[2026-02-03T20:45:48.789+0000] {logging_mixin.py:188} INFO - [2026-02-03T20:45:48.789+0000] {dag.py:3089} INFO - Sync 1 DAGs
[2026-02-03T20:45:48.818+0000] {logging_mixin.py:188} INFO - [2026-02-03T20:45:48.818+0000] {dag.py:3947} INFO - Setting next_dagrun for flatten_json_xml_to_linear to 2026-02-01 00:00:00+00:00, run_after=2026-02-02 00:00:00+00:00
[2026-02-03T20:45:48.840+0000] {processor.py:183} INFO - Processing /opt/airflow/dags/flatten_sources_dag.py took 0.498 seconds
[2026-02-03T20:46:19.136+0000] {processor.py:161} INFO - Started process (PID=119) to work on /opt/airflow/dags/flatten_sources_dag.py
[2026-02-03T20:46:19.137+0000] {processor.py:830} INFO - Processing file /opt/airflow/dags/flatten_sources_dag.py for tasks to queue
[2026-02-03T20:46:19.139+0000] {logging_mixin.py:188} INFO - [2026-02-03T20:46:19.139+0000] {dagbag.py:545} INFO - Filling up the DagBag from /opt/airflow/dags/flatten_sources_dag.py
[2026-02-03T20:46:19.479+0000] {processor.py:840} INFO - DAG(s) 'flatten_json_xml_to_linear' retrieved from /opt/airflow/dags/flatten_sources_dag.py
[2026-02-03T20:46:19.517+0000] {logging_mixin.py:188} INFO - [2026-02-03T20:46:19.517+0000] {dag.py:3089} INFO - Sync 1 DAGs
[2026-02-03T20:46:19.544+0000] {logging_mixin.py:188} INFO - [2026-02-03T20:46:19.543+0000] {dag.py:3947} INFO - Setting next_dagrun for flatten_json_xml_to_linear to 2026-02-01 00:00:00+00:00, run_after=2026-02-02 00:00:00+00:00
[2026-02-03T20:46:19.566+0000] {processor.py:183} INFO - Processing /opt/airflow/dags/flatten_sources_dag.py took 0.438 seconds
[2026-02-03T20:46:49.803+0000] {processor.py:161} INFO - Started process (PID=124) to work on /opt/airflow/dags/flatten_sources_dag.py
[2026-02-03T20:46:49.804+0000] {processor.py:830} INFO - Processing file /opt/airflow/dags/flatten_sources_dag.py for tasks to queue
[2026-02-03T20:46:49.806+0000] {logging_mixin.py:188} INFO - [2026-02-03T20:46:49.806+0000] {dagbag.py:545} INFO - Filling up the DagBag from /opt/airflow/dags/flatten_sources_dag.py
[2026-02-03T20:46:50.277+0000] {processor.py:840} INFO - DAG(s) 'flatten_json_xml_to_linear' retrieved from /opt/airflow/dags/flatten_sources_dag.py
[2026-02-03T20:46:50.305+0000] {logging_mixin.py:188} INFO - [2026-02-03T20:46:50.304+0000] {dag.py:3089} INFO - Sync 1 DAGs
[2026-02-03T20:46:50.324+0000] {logging_mixin.py:188} INFO - [2026-02-03T20:46:50.324+0000] {dag.py:3947} INFO - Setting next_dagrun for flatten_json_xml_to_linear to 2026-02-01 00:00:00+00:00, run_after=2026-02-02 00:00:00+00:00
[2026-02-03T20:46:50.344+0000] {processor.py:183} INFO - Processing /opt/airflow/dags/flatten_sources_dag.py took 0.547 seconds
[2026-02-03T20:47:20.567+0000] {processor.py:161} INFO - Started process (PID=128) to work on /opt/airflow/dags/flatten_sources_dag.py
[2026-02-03T20:47:20.568+0000] {processor.py:830} INFO - Processing file /opt/airflow/dags/flatten_sources_dag.py for tasks to queue
[2026-02-03T20:47:20.571+0000] {logging_mixin.py:188} INFO - [2026-02-03T20:47:20.571+0000] {dagbag.py:545} INFO - Filling up the DagBag from /opt/airflow/dags/flatten_sources_dag.py
[2026-02-03T20:47:20.889+0000] {processor.py:840} INFO - DAG(s) 'flatten_json_xml_to_linear' retrieved from /opt/airflow/dags/flatten_sources_dag.py
[2026-02-03T20:47:20.921+0000] {logging_mixin.py:188} INFO - [2026-02-03T20:47:20.920+0000] {dag.py:3089} INFO - Sync 1 DAGs
[2026-02-03T20:47:20.943+0000] {logging_mixin.py:188} INFO - [2026-02-03T20:47:20.943+0000] {dag.py:3947} INFO - Setting next_dagrun for flatten_json_xml_to_linear to 2026-02-01 00:00:00+00:00, run_after=2026-02-02 00:00:00+00:00
[2026-02-03T20:47:20.965+0000] {processor.py:183} INFO - Processing /opt/airflow/dags/flatten_sources_dag.py took 0.405 seconds
[2026-02-03T20:47:51.160+0000] {processor.py:161} INFO - Started process (PID=132) to work on /opt/airflow/dags/flatten_sources_dag.py
[2026-02-03T20:47:51.161+0000] {processor.py:830} INFO - Processing file /opt/airflow/dags/flatten_sources_dag.py for tasks to queue
[2026-02-03T20:47:51.163+0000] {logging_mixin.py:188} INFO - [2026-02-03T20:47:51.163+0000] {dagbag.py:545} INFO - Filling up the DagBag from /opt/airflow/dags/flatten_sources_dag.py
[2026-02-03T20:47:51.468+0000] {processor.py:840} INFO - DAG(s) 'flatten_json_xml_to_linear' retrieved from /opt/airflow/dags/flatten_sources_dag.py
[2026-02-03T20:47:51.498+0000] {logging_mixin.py:188} INFO - [2026-02-03T20:47:51.498+0000] {dag.py:3089} INFO - Sync 1 DAGs
[2026-02-03T20:47:51.518+0000] {logging_mixin.py:188} INFO - [2026-02-03T20:47:51.518+0000] {dag.py:3947} INFO - Setting next_dagrun for flatten_json_xml_to_linear to 2026-02-01 00:00:00+00:00, run_after=2026-02-02 00:00:00+00:00
[2026-02-03T20:47:51.535+0000] {processor.py:183} INFO - Processing /opt/airflow/dags/flatten_sources_dag.py took 0.382 seconds
[2026-02-03T20:48:21.731+0000] {processor.py:161} INFO - Started process (PID=136) to work on /opt/airflow/dags/flatten_sources_dag.py
[2026-02-03T20:48:21.732+0000] {processor.py:830} INFO - Processing file /opt/airflow/dags/flatten_sources_dag.py for tasks to queue
[2026-02-03T20:48:21.735+0000] {logging_mixin.py:188} INFO - [2026-02-03T20:48:21.735+0000] {dagbag.py:545} INFO - Filling up the DagBag from /opt/airflow/dags/flatten_sources_dag.py
[2026-02-03T20:48:22.110+0000] {processor.py:840} INFO - DAG(s) 'flatten_json_xml_to_linear' retrieved from /opt/airflow/dags/flatten_sources_dag.py
[2026-02-03T20:48:22.153+0000] {logging_mixin.py:188} INFO - [2026-02-03T20:48:22.153+0000] {dag.py:3089} INFO - Sync 1 DAGs
[2026-02-03T20:48:22.179+0000] {logging_mixin.py:188} INFO - [2026-02-03T20:48:22.179+0000] {dag.py:3947} INFO - Setting next_dagrun for flatten_json_xml_to_linear to 2026-02-01 00:00:00+00:00, run_after=2026-02-02 00:00:00+00:00
[2026-02-03T20:48:22.206+0000] {processor.py:183} INFO - Processing /opt/airflow/dags/flatten_sources_dag.py took 0.485 seconds
[2026-02-03T20:48:52.388+0000] {processor.py:161} INFO - Started process (PID=140) to work on /opt/airflow/dags/flatten_sources_dag.py
[2026-02-03T20:48:52.389+0000] {processor.py:830} INFO - Processing file /opt/airflow/dags/flatten_sources_dag.py for tasks to queue
[2026-02-03T20:48:52.391+0000] {logging_mixin.py:188} INFO - [2026-02-03T20:48:52.391+0000] {dagbag.py:545} INFO - Filling up the DagBag from /opt/airflow/dags/flatten_sources_dag.py
[2026-02-03T20:48:52.688+0000] {processor.py:840} INFO - DAG(s) 'flatten_json_xml_to_linear' retrieved from /opt/airflow/dags/flatten_sources_dag.py
[2026-02-03T20:48:52.718+0000] {logging_mixin.py:188} INFO - [2026-02-03T20:48:52.717+0000] {dag.py:3089} INFO - Sync 1 DAGs
[2026-02-03T20:48:52.738+0000] {logging_mixin.py:188} INFO - [2026-02-03T20:48:52.738+0000] {dag.py:3947} INFO - Setting next_dagrun for flatten_json_xml_to_linear to 2026-02-01 00:00:00+00:00, run_after=2026-02-02 00:00:00+00:00
[2026-02-03T20:48:52.756+0000] {processor.py:183} INFO - Processing /opt/airflow/dags/flatten_sources_dag.py took 0.373 seconds
[2026-02-03T20:49:22.963+0000] {processor.py:161} INFO - Started process (PID=144) to work on /opt/airflow/dags/flatten_sources_dag.py
[2026-02-03T20:49:22.964+0000] {processor.py:830} INFO - Processing file /opt/airflow/dags/flatten_sources_dag.py for tasks to queue
[2026-02-03T20:49:22.967+0000] {logging_mixin.py:188} INFO - [2026-02-03T20:49:22.966+0000] {dagbag.py:545} INFO - Filling up the DagBag from /opt/airflow/dags/flatten_sources_dag.py
[2026-02-03T20:49:23.359+0000] {processor.py:840} INFO - DAG(s) 'flatten_json_xml_to_linear' retrieved from /opt/airflow/dags/flatten_sources_dag.py
[2026-02-03T20:49:23.399+0000] {logging_mixin.py:188} INFO - [2026-02-03T20:49:23.399+0000] {dag.py:3089} INFO - Sync 1 DAGs
[2026-02-03T20:49:23.433+0000] {logging_mixin.py:188} INFO - [2026-02-03T20:49:23.432+0000] {dag.py:3947} INFO - Setting next_dagrun for flatten_json_xml_to_linear to 2026-02-01 00:00:00+00:00, run_after=2026-02-02 00:00:00+00:00
[2026-02-03T20:49:23.626+0000] {processor.py:183} INFO - Processing /opt/airflow/dags/flatten_sources_dag.py took 0.671 seconds
