[2026-02-03T20:44:15.225+0000] {processor.py:161} INFO - Started process (PID=51) to work on /opt/airflow/dags/iot_temperature_dag.py
[2026-02-03T20:44:15.226+0000] {processor.py:830} INFO - Processing file /opt/airflow/dags/iot_temperature_dag.py for tasks to queue
[2026-02-03T20:44:15.229+0000] {logging_mixin.py:188} INFO - [2026-02-03T20:44:15.228+0000] {dagbag.py:545} INFO - Filling up the DagBag from /opt/airflow/dags/iot_temperature_dag.py
[2026-02-03T20:44:16.340+0000] {processor.py:840} INFO - DAG(s) 'iot_temperature_dag' retrieved from /opt/airflow/dags/iot_temperature_dag.py
[2026-02-03T20:44:16.569+0000] {logging_mixin.py:188} INFO - [2026-02-03T20:44:16.568+0000] {override.py:1858} INFO - Created Permission View: can edit on DAG:iot_temperature_dag
[2026-02-03T20:44:16.584+0000] {logging_mixin.py:188} INFO - [2026-02-03T20:44:16.584+0000] {override.py:1858} INFO - Created Permission View: can read on DAG:iot_temperature_dag
[2026-02-03T20:44:16.590+0000] {logging_mixin.py:188} INFO - [2026-02-03T20:44:16.590+0000] {override.py:1858} INFO - Created Permission View: can delete on DAG:iot_temperature_dag
[2026-02-03T20:44:16.591+0000] {logging_mixin.py:188} INFO - [2026-02-03T20:44:16.591+0000] {dag.py:3089} INFO - Sync 1 DAGs
[2026-02-03T20:44:16.603+0000] {logging_mixin.py:188} INFO - [2026-02-03T20:44:16.603+0000] {dag.py:3111} INFO - Creating ORM DAG for iot_temperature_dag
[2026-02-03T20:44:16.766+0000] {logging_mixin.py:188} INFO - [2026-02-03T20:44:16.766+0000] {dag.py:3947} INFO - Setting next_dagrun for iot_temperature_dag to 2026-02-01 00:00:00+00:00, run_after=2026-02-02 00:00:00+00:00
[2026-02-03T20:44:16.781+0000] {processor.py:183} INFO - Processing /opt/airflow/dags/iot_temperature_dag.py took 1.563 seconds
[2026-02-03T20:44:47.011+0000] {processor.py:161} INFO - Started process (PID=55) to work on /opt/airflow/dags/iot_temperature_dag.py
[2026-02-03T20:44:47.012+0000] {processor.py:830} INFO - Processing file /opt/airflow/dags/iot_temperature_dag.py for tasks to queue
[2026-02-03T20:44:47.015+0000] {logging_mixin.py:188} INFO - [2026-02-03T20:44:47.015+0000] {dagbag.py:545} INFO - Filling up the DagBag from /opt/airflow/dags/iot_temperature_dag.py
[2026-02-03T20:44:47.522+0000] {processor.py:840} INFO - DAG(s) 'iot_temperature_dag' retrieved from /opt/airflow/dags/iot_temperature_dag.py
[2026-02-03T20:44:47.567+0000] {logging_mixin.py:188} INFO - [2026-02-03T20:44:47.566+0000] {dag.py:3089} INFO - Sync 1 DAGs
[2026-02-03T20:44:47.594+0000] {logging_mixin.py:188} INFO - [2026-02-03T20:44:47.594+0000] {dag.py:3947} INFO - Setting next_dagrun for iot_temperature_dag to 2026-02-01 00:00:00+00:00, run_after=2026-02-02 00:00:00+00:00
[2026-02-03T20:44:47.616+0000] {processor.py:183} INFO - Processing /opt/airflow/dags/iot_temperature_dag.py took 0.614 seconds
[2026-02-03T20:45:17.817+0000] {processor.py:161} INFO - Started process (PID=59) to work on /opt/airflow/dags/iot_temperature_dag.py
[2026-02-03T20:45:17.818+0000] {processor.py:830} INFO - Processing file /opt/airflow/dags/iot_temperature_dag.py for tasks to queue
[2026-02-03T20:45:17.820+0000] {logging_mixin.py:188} INFO - [2026-02-03T20:45:17.820+0000] {dagbag.py:545} INFO - Filling up the DagBag from /opt/airflow/dags/iot_temperature_dag.py
[2026-02-03T20:45:18.121+0000] {processor.py:840} INFO - DAG(s) 'iot_temperature_dag' retrieved from /opt/airflow/dags/iot_temperature_dag.py
[2026-02-03T20:45:18.151+0000] {logging_mixin.py:188} INFO - [2026-02-03T20:45:18.151+0000] {dag.py:3089} INFO - Sync 1 DAGs
[2026-02-03T20:45:18.176+0000] {logging_mixin.py:188} INFO - [2026-02-03T20:45:18.176+0000] {dag.py:3947} INFO - Setting next_dagrun for iot_temperature_dag to 2026-02-01 00:00:00+00:00, run_after=2026-02-02 00:00:00+00:00
[2026-02-03T20:45:18.197+0000] {processor.py:183} INFO - Processing /opt/airflow/dags/iot_temperature_dag.py took 0.385 seconds
[2026-02-03T20:45:48.357+0000] {processor.py:161} INFO - Started process (PID=63) to work on /opt/airflow/dags/iot_temperature_dag.py
[2026-02-03T20:45:48.358+0000] {processor.py:830} INFO - Processing file /opt/airflow/dags/iot_temperature_dag.py for tasks to queue
[2026-02-03T20:45:48.360+0000] {logging_mixin.py:188} INFO - [2026-02-03T20:45:48.360+0000] {dagbag.py:545} INFO - Filling up the DagBag from /opt/airflow/dags/iot_temperature_dag.py
[2026-02-03T20:45:48.748+0000] {processor.py:840} INFO - DAG(s) 'iot_temperature_dag' retrieved from /opt/airflow/dags/iot_temperature_dag.py
[2026-02-03T20:45:48.785+0000] {logging_mixin.py:188} INFO - [2026-02-03T20:45:48.785+0000] {dag.py:3089} INFO - Sync 1 DAGs
[2026-02-03T20:45:48.813+0000] {logging_mixin.py:188} INFO - [2026-02-03T20:45:48.812+0000] {dag.py:3947} INFO - Setting next_dagrun for iot_temperature_dag to 2026-02-01 00:00:00+00:00, run_after=2026-02-02 00:00:00+00:00
[2026-02-03T20:45:48.834+0000] {processor.py:183} INFO - Processing /opt/airflow/dags/iot_temperature_dag.py took 0.485 seconds
[2026-02-03T20:46:19.145+0000] {processor.py:161} INFO - Started process (PID=120) to work on /opt/airflow/dags/iot_temperature_dag.py
[2026-02-03T20:46:19.147+0000] {processor.py:830} INFO - Processing file /opt/airflow/dags/iot_temperature_dag.py for tasks to queue
[2026-02-03T20:46:19.150+0000] {logging_mixin.py:188} INFO - [2026-02-03T20:46:19.149+0000] {dagbag.py:545} INFO - Filling up the DagBag from /opt/airflow/dags/iot_temperature_dag.py
[2026-02-03T20:46:19.486+0000] {processor.py:840} INFO - DAG(s) 'iot_temperature_dag' retrieved from /opt/airflow/dags/iot_temperature_dag.py
[2026-02-03T20:46:19.524+0000] {logging_mixin.py:188} INFO - [2026-02-03T20:46:19.524+0000] {dag.py:3089} INFO - Sync 1 DAGs
[2026-02-03T20:46:19.550+0000] {logging_mixin.py:188} INFO - [2026-02-03T20:46:19.550+0000] {dag.py:3947} INFO - Setting next_dagrun for iot_temperature_dag to 2026-02-03 00:00:00+00:00, run_after=2026-02-04 00:00:00+00:00
[2026-02-03T20:46:19.572+0000] {processor.py:183} INFO - Processing /opt/airflow/dags/iot_temperature_dag.py took 0.435 seconds
[2026-02-03T20:46:49.808+0000] {processor.py:161} INFO - Started process (PID=125) to work on /opt/airflow/dags/iot_temperature_dag.py
[2026-02-03T20:46:49.809+0000] {processor.py:830} INFO - Processing file /opt/airflow/dags/iot_temperature_dag.py for tasks to queue
[2026-02-03T20:46:49.811+0000] {logging_mixin.py:188} INFO - [2026-02-03T20:46:49.811+0000] {dagbag.py:545} INFO - Filling up the DagBag from /opt/airflow/dags/iot_temperature_dag.py
[2026-02-03T20:46:50.288+0000] {processor.py:840} INFO - DAG(s) 'iot_temperature_dag' retrieved from /opt/airflow/dags/iot_temperature_dag.py
[2026-02-03T20:46:50.316+0000] {logging_mixin.py:188} INFO - [2026-02-03T20:46:50.316+0000] {dag.py:3089} INFO - Sync 1 DAGs
[2026-02-03T20:46:50.337+0000] {logging_mixin.py:188} INFO - [2026-02-03T20:46:50.337+0000] {dag.py:3947} INFO - Setting next_dagrun for iot_temperature_dag to 2026-02-03 00:00:00+00:00, run_after=2026-02-04 00:00:00+00:00
[2026-02-03T20:46:50.356+0000] {processor.py:183} INFO - Processing /opt/airflow/dags/iot_temperature_dag.py took 0.554 seconds
[2026-02-03T20:47:20.575+0000] {processor.py:161} INFO - Started process (PID=129) to work on /opt/airflow/dags/iot_temperature_dag.py
[2026-02-03T20:47:20.577+0000] {processor.py:830} INFO - Processing file /opt/airflow/dags/iot_temperature_dag.py for tasks to queue
[2026-02-03T20:47:20.579+0000] {logging_mixin.py:188} INFO - [2026-02-03T20:47:20.578+0000] {dagbag.py:545} INFO - Filling up the DagBag from /opt/airflow/dags/iot_temperature_dag.py
[2026-02-03T20:47:20.887+0000] {processor.py:840} INFO - DAG(s) 'iot_temperature_dag' retrieved from /opt/airflow/dags/iot_temperature_dag.py
[2026-02-03T20:47:20.922+0000] {logging_mixin.py:188} INFO - [2026-02-03T20:47:20.921+0000] {dag.py:3089} INFO - Sync 1 DAGs
[2026-02-03T20:47:20.948+0000] {logging_mixin.py:188} INFO - [2026-02-03T20:47:20.948+0000] {dag.py:3947} INFO - Setting next_dagrun for iot_temperature_dag to 2026-02-03 00:00:00+00:00, run_after=2026-02-04 00:00:00+00:00
[2026-02-03T20:47:20.969+0000] {processor.py:183} INFO - Processing /opt/airflow/dags/iot_temperature_dag.py took 0.400 seconds
[2026-02-03T20:47:51.169+0000] {processor.py:161} INFO - Started process (PID=133) to work on /opt/airflow/dags/iot_temperature_dag.py
[2026-02-03T20:47:51.170+0000] {processor.py:830} INFO - Processing file /opt/airflow/dags/iot_temperature_dag.py for tasks to queue
[2026-02-03T20:47:51.172+0000] {logging_mixin.py:188} INFO - [2026-02-03T20:47:51.171+0000] {dagbag.py:545} INFO - Filling up the DagBag from /opt/airflow/dags/iot_temperature_dag.py
[2026-02-03T20:47:51.470+0000] {processor.py:840} INFO - DAG(s) 'iot_temperature_dag' retrieved from /opt/airflow/dags/iot_temperature_dag.py
[2026-02-03T20:47:51.498+0000] {logging_mixin.py:188} INFO - [2026-02-03T20:47:51.497+0000] {dag.py:3089} INFO - Sync 1 DAGs
[2026-02-03T20:47:51.519+0000] {logging_mixin.py:188} INFO - [2026-02-03T20:47:51.518+0000] {dag.py:3947} INFO - Setting next_dagrun for iot_temperature_dag to 2026-02-03 00:00:00+00:00, run_after=2026-02-04 00:00:00+00:00
[2026-02-03T20:47:51.536+0000] {processor.py:183} INFO - Processing /opt/airflow/dags/iot_temperature_dag.py took 0.374 seconds
[2026-02-03T20:48:21.742+0000] {processor.py:161} INFO - Started process (PID=137) to work on /opt/airflow/dags/iot_temperature_dag.py
[2026-02-03T20:48:21.743+0000] {processor.py:830} INFO - Processing file /opt/airflow/dags/iot_temperature_dag.py for tasks to queue
[2026-02-03T20:48:21.746+0000] {logging_mixin.py:188} INFO - [2026-02-03T20:48:21.746+0000] {dagbag.py:545} INFO - Filling up the DagBag from /opt/airflow/dags/iot_temperature_dag.py
[2026-02-03T20:48:22.110+0000] {processor.py:840} INFO - DAG(s) 'iot_temperature_dag' retrieved from /opt/airflow/dags/iot_temperature_dag.py
[2026-02-03T20:48:22.153+0000] {logging_mixin.py:188} INFO - [2026-02-03T20:48:22.153+0000] {dag.py:3089} INFO - Sync 1 DAGs
[2026-02-03T20:48:22.180+0000] {logging_mixin.py:188} INFO - [2026-02-03T20:48:22.180+0000] {dag.py:3947} INFO - Setting next_dagrun for iot_temperature_dag to 2026-02-03 00:00:00+00:00, run_after=2026-02-04 00:00:00+00:00
[2026-02-03T20:48:22.207+0000] {processor.py:183} INFO - Processing /opt/airflow/dags/iot_temperature_dag.py took 0.475 seconds
[2026-02-03T20:48:52.395+0000] {processor.py:161} INFO - Started process (PID=141) to work on /opt/airflow/dags/iot_temperature_dag.py
[2026-02-03T20:48:52.396+0000] {processor.py:830} INFO - Processing file /opt/airflow/dags/iot_temperature_dag.py for tasks to queue
[2026-02-03T20:48:52.398+0000] {logging_mixin.py:188} INFO - [2026-02-03T20:48:52.398+0000] {dagbag.py:545} INFO - Filling up the DagBag from /opt/airflow/dags/iot_temperature_dag.py
[2026-02-03T20:48:52.688+0000] {processor.py:840} INFO - DAG(s) 'iot_temperature_dag' retrieved from /opt/airflow/dags/iot_temperature_dag.py
[2026-02-03T20:48:52.717+0000] {logging_mixin.py:188} INFO - [2026-02-03T20:48:52.716+0000] {dag.py:3089} INFO - Sync 1 DAGs
[2026-02-03T20:48:52.739+0000] {logging_mixin.py:188} INFO - [2026-02-03T20:48:52.739+0000] {dag.py:3947} INFO - Setting next_dagrun for iot_temperature_dag to 2026-02-03 00:00:00+00:00, run_after=2026-02-04 00:00:00+00:00
[2026-02-03T20:48:52.756+0000] {processor.py:183} INFO - Processing /opt/airflow/dags/iot_temperature_dag.py took 0.367 seconds
[2026-02-03T20:49:22.963+0000] {processor.py:161} INFO - Started process (PID=145) to work on /opt/airflow/dags/iot_temperature_dag.py
[2026-02-03T20:49:22.964+0000] {processor.py:830} INFO - Processing file /opt/airflow/dags/iot_temperature_dag.py for tasks to queue
[2026-02-03T20:49:22.967+0000] {logging_mixin.py:188} INFO - [2026-02-03T20:49:22.966+0000] {dagbag.py:545} INFO - Filling up the DagBag from /opt/airflow/dags/iot_temperature_dag.py
[2026-02-03T20:49:23.371+0000] {processor.py:840} INFO - DAG(s) 'iot_temperature_dag' retrieved from /opt/airflow/dags/iot_temperature_dag.py
[2026-02-03T20:49:23.414+0000] {logging_mixin.py:188} INFO - [2026-02-03T20:49:23.414+0000] {dag.py:3089} INFO - Sync 1 DAGs
[2026-02-03T20:49:23.448+0000] {logging_mixin.py:188} INFO - [2026-02-03T20:49:23.448+0000] {dag.py:3947} INFO - Setting next_dagrun for iot_temperature_dag to 2026-02-03 00:00:00+00:00, run_after=2026-02-04 00:00:00+00:00
[2026-02-03T20:49:23.631+0000] {processor.py:183} INFO - Processing /opt/airflow/dags/iot_temperature_dag.py took 0.676 seconds
