[2026-02-03T20:46:14.481+0000] {local_task_job_runner.py:120} INFO - ::group::Pre task execution logs
[2026-02-03T20:46:14.511+0000] {taskinstance.py:2076} INFO - Dependencies all met for dep_context=non-requeueable deps ti=<TaskInstance: iot_temperature_dag.parse_and_transform_iot_temperature manual__2026-02-03T20:46:04.151532+00:00 [queued]>
[2026-02-03T20:46:14.518+0000] {taskinstance.py:2076} INFO - Dependencies all met for dep_context=requeueable deps ti=<TaskInstance: iot_temperature_dag.parse_and_transform_iot_temperature manual__2026-02-03T20:46:04.151532+00:00 [queued]>
[2026-02-03T20:46:14.519+0000] {taskinstance.py:2306} INFO - Starting attempt 1 of 1
[2026-02-03T20:46:14.530+0000] {taskinstance.py:2330} INFO - Executing <Task(PythonOperator): parse_and_transform_iot_temperature> on 2026-02-03 20:46:04.151532+00:00
[2026-02-03T20:46:14.537+0000] {standard_task_runner.py:90} INFO - Running: ['***', 'tasks', 'run', 'iot_temperature_dag', 'parse_and_transform_iot_temperature', 'manual__2026-02-03T20:46:04.151532+00:00', '--job-id', '3', '--raw', '--subdir', 'DAGS_FOLDER/iot_temperature_dag.py', '--cfg-path', '/tmp/tmp_m_7ulse']
[2026-02-03T20:46:14.541+0000] {standard_task_runner.py:91} INFO - Job 3: Subtask parse_and_transform_iot_temperature
[2026-02-03T20:46:14.542+0000] {logging_mixin.py:188} WARNING - /home/***/.local/lib/python3.12/site-packages/***/task/task_runner/standard_task_runner.py:62 DeprecationWarning: This process (pid=84) is multi-threaded, use of fork() may lead to deadlocks in the child.
[2026-02-03T20:46:14.542+0000] {standard_task_runner.py:64} INFO - Started process 101 to run task
[2026-02-03T20:46:14.615+0000] {task_command.py:426} INFO - Running <TaskInstance: iot_temperature_dag.parse_and_transform_iot_temperature manual__2026-02-03T20:46:04.151532+00:00 [running]> on host 897bf1164ec9
[2026-02-03T20:46:14.723+0000] {taskinstance.py:2648} INFO - Exporting env vars: AIRFLOW_CTX_DAG_OWNER='***' AIRFLOW_CTX_DAG_ID='iot_temperature_dag' AIRFLOW_CTX_TASK_ID='parse_and_transform_iot_temperature' AIRFLOW_CTX_EXECUTION_DATE='2026-02-03T20:46:04.151532+00:00' AIRFLOW_CTX_TRY_NUMBER='1' AIRFLOW_CTX_DAG_RUN_ID='manual__2026-02-03T20:46:04.151532+00:00'
[2026-02-03T20:46:14.725+0000] {taskinstance.py:430} INFO - ::endgroup::
[2026-02-03T20:46:15.376+0000] {logging_mixin.py:188} INFO - 5 самых жарких дней:
[2026-02-03T20:46:15.381+0000] {logging_mixin.py:188} INFO -           date  temperature
29  2018-09-22    34.000000
36  2018-09-30    34.000000
39  2018-10-11    34.000000
35  2018-09-29    33.787500
40  2018-10-12    33.489796
[2026-02-03T20:46:15.382+0000] {logging_mixin.py:188} INFO - 
5 самых холодных дней:
[2026-02-03T20:46:15.385+0000] {logging_mixin.py:188} INFO -           date  temperature
14  2018-09-06    27.411168
13  2018-09-05    27.888889
67  2018-12-04    28.119231
69  2018-12-06    28.267123
64  2018-11-27    28.448276
[2026-02-03T20:46:15.406+0000] {python.py:237} INFO - Done. Returned value was: None
[2026-02-03T20:46:15.407+0000] {taskinstance.py:441} INFO - ::group::Post task execution logs
[2026-02-03T20:46:15.420+0000] {taskinstance.py:1206} INFO - Marking task as SUCCESS. dag_id=iot_temperature_dag, task_id=parse_and_transform_iot_temperature, run_id=manual__2026-02-03T20:46:04.151532+00:00, execution_date=20260203T204604, start_date=20260203T204614, end_date=20260203T204615
[2026-02-03T20:46:15.439+0000] {local_task_job_runner.py:243} INFO - Task exited with return code 0
[2026-02-03T20:46:15.459+0000] {taskinstance.py:3503} INFO - 0 downstream tasks scheduled from follow-on schedule check
[2026-02-03T20:46:15.461+0000] {local_task_job_runner.py:222} INFO - ::endgroup::
