[2026-02-03T20:46:19.266+0000] {local_task_job_runner.py:120} INFO - ::group::Pre task execution logs
[2026-02-03T20:46:19.296+0000] {taskinstance.py:2076} INFO - Dependencies all met for dep_context=non-requeueable deps ti=<TaskInstance: iot_temperature_dag.parse_and_transform_iot_temperature scheduled__2026-02-02T00:00:00+00:00 [queued]>
[2026-02-03T20:46:19.304+0000] {taskinstance.py:2076} INFO - Dependencies all met for dep_context=requeueable deps ti=<TaskInstance: iot_temperature_dag.parse_and_transform_iot_temperature scheduled__2026-02-02T00:00:00+00:00 [queued]>
[2026-02-03T20:46:19.305+0000] {taskinstance.py:2306} INFO - Starting attempt 1 of 1
[2026-02-03T20:46:19.316+0000] {taskinstance.py:2330} INFO - Executing <Task(PythonOperator): parse_and_transform_iot_temperature> on 2026-02-02 00:00:00+00:00
[2026-02-03T20:46:19.329+0000] {standard_task_runner.py:90} INFO - Running: ['***', 'tasks', 'run', 'iot_temperature_dag', 'parse_and_transform_iot_temperature', 'scheduled__2026-02-02T00:00:00+00:00', '--job-id', '4', '--raw', '--subdir', 'DAGS_FOLDER/iot_temperature_dag.py', '--cfg-path', '/tmp/tmpr0z39xwc']
[2026-02-03T20:46:19.333+0000] {logging_mixin.py:188} WARNING - /home/***/.local/lib/python3.12/site-packages/***/task/task_runner/standard_task_runner.py:62 DeprecationWarning: This process (pid=102) is multi-threaded, use of fork() may lead to deadlocks in the child.
[2026-02-03T20:46:19.334+0000] {standard_task_runner.py:91} INFO - Job 4: Subtask parse_and_transform_iot_temperature
[2026-02-03T20:46:19.334+0000] {standard_task_runner.py:64} INFO - Started process 123 to run task
[2026-02-03T20:46:19.415+0000] {task_command.py:426} INFO - Running <TaskInstance: iot_temperature_dag.parse_and_transform_iot_temperature scheduled__2026-02-02T00:00:00+00:00 [running]> on host 897bf1164ec9
[2026-02-03T20:46:19.522+0000] {taskinstance.py:2648} INFO - Exporting env vars: AIRFLOW_CTX_DAG_OWNER='***' AIRFLOW_CTX_DAG_ID='iot_temperature_dag' AIRFLOW_CTX_TASK_ID='parse_and_transform_iot_temperature' AIRFLOW_CTX_EXECUTION_DATE='2026-02-02T00:00:00+00:00' AIRFLOW_CTX_TRY_NUMBER='1' AIRFLOW_CTX_DAG_RUN_ID='scheduled__2026-02-02T00:00:00+00:00'
[2026-02-03T20:46:19.523+0000] {taskinstance.py:430} INFO - ::endgroup::
[2026-02-03T20:46:20.054+0000] {logging_mixin.py:188} INFO - 5 самых жарких дней:
[2026-02-03T20:46:20.058+0000] {logging_mixin.py:188} INFO -           date  temperature
29  2018-09-22    34.000000
36  2018-09-30    34.000000
39  2018-10-11    34.000000
35  2018-09-29    33.787500
40  2018-10-12    33.489796
[2026-02-03T20:46:20.059+0000] {logging_mixin.py:188} INFO - 
5 самых холодных дней:
[2026-02-03T20:46:20.063+0000] {logging_mixin.py:188} INFO -           date  temperature
14  2018-09-06    27.411168
13  2018-09-05    27.888889
67  2018-12-04    28.119231
69  2018-12-06    28.267123
64  2018-11-27    28.448276
[2026-02-03T20:46:20.087+0000] {python.py:237} INFO - Done. Returned value was: None
[2026-02-03T20:46:20.088+0000] {taskinstance.py:441} INFO - ::group::Post task execution logs
[2026-02-03T20:46:20.101+0000] {taskinstance.py:1206} INFO - Marking task as SUCCESS. dag_id=iot_temperature_dag, task_id=parse_and_transform_iot_temperature, run_id=scheduled__2026-02-02T00:00:00+00:00, execution_date=20260202T000000, start_date=20260203T204619, end_date=20260203T204620
[2026-02-03T20:46:20.151+0000] {local_task_job_runner.py:243} INFO - Task exited with return code 0
[2026-02-03T20:46:20.170+0000] {taskinstance.py:3503} INFO - 0 downstream tasks scheduled from follow-on schedule check
[2026-02-03T20:46:20.172+0000] {local_task_job_runner.py:222} INFO - ::endgroup::
