[2026-02-01T20:40:01.906+0000] {processor.py:161} INFO - Started process (PID=33) to work on /opt/airflow/dags/flatten_sources_dag.py
[2026-02-01T20:40:01.907+0000] {processor.py:830} INFO - Processing file /opt/airflow/dags/flatten_sources_dag.py for tasks to queue
[2026-02-01T20:40:01.909+0000] {logging_mixin.py:188} INFO - [2026-02-01T20:40:01.909+0000] {dagbag.py:545} INFO - Filling up the DagBag from /opt/airflow/dags/flatten_sources_dag.py
[2026-02-01T20:40:02.948+0000] {processor.py:840} INFO - DAG(s) 'flatten_json_xml_to_linear' retrieved from /opt/airflow/dags/flatten_sources_dag.py
[2026-02-01T20:40:03.143+0000] {logging_mixin.py:188} INFO - [2026-02-01T20:40:03.142+0000] {override.py:1858} INFO - Created Permission View: can read on DAG:flatten_json_xml_to_linear
[2026-02-01T20:40:03.152+0000] {logging_mixin.py:188} INFO - [2026-02-01T20:40:03.152+0000] {override.py:1858} INFO - Created Permission View: can edit on DAG:flatten_json_xml_to_linear
[2026-02-01T20:40:03.157+0000] {logging_mixin.py:188} INFO - [2026-02-01T20:40:03.157+0000] {override.py:1858} INFO - Created Permission View: can delete on DAG:flatten_json_xml_to_linear
[2026-02-01T20:40:03.158+0000] {logging_mixin.py:188} INFO - [2026-02-01T20:40:03.158+0000] {dag.py:3089} INFO - Sync 1 DAGs
[2026-02-01T20:40:03.170+0000] {logging_mixin.py:188} INFO - [2026-02-01T20:40:03.170+0000] {dag.py:3111} INFO - Creating ORM DAG for flatten_json_xml_to_linear
[2026-02-01T20:40:03.171+0000] {logging_mixin.py:188} INFO - [2026-02-01T20:40:03.171+0000] {dag.py:3947} INFO - Setting next_dagrun for flatten_json_xml_to_linear to None, run_after=None
[2026-02-01T20:40:03.386+0000] {processor.py:183} INFO - Processing /opt/airflow/dags/flatten_sources_dag.py took 1.485 seconds
[2026-02-01T20:40:33.560+0000] {processor.py:161} INFO - Started process (PID=35) to work on /opt/airflow/dags/flatten_sources_dag.py
[2026-02-01T20:40:33.561+0000] {processor.py:830} INFO - Processing file /opt/airflow/dags/flatten_sources_dag.py for tasks to queue
[2026-02-01T20:40:33.563+0000] {logging_mixin.py:188} INFO - [2026-02-01T20:40:33.563+0000] {dagbag.py:545} INFO - Filling up the DagBag from /opt/airflow/dags/flatten_sources_dag.py
[2026-02-01T20:40:33.857+0000] {processor.py:840} INFO - DAG(s) 'flatten_json_xml_to_linear' retrieved from /opt/airflow/dags/flatten_sources_dag.py
[2026-02-01T20:40:33.885+0000] {logging_mixin.py:188} INFO - [2026-02-01T20:40:33.885+0000] {dag.py:3089} INFO - Sync 1 DAGs
[2026-02-01T20:40:33.898+0000] {logging_mixin.py:188} INFO - [2026-02-01T20:40:33.898+0000] {dag.py:3947} INFO - Setting next_dagrun for flatten_json_xml_to_linear to None, run_after=None
[2026-02-01T20:40:33.921+0000] {processor.py:183} INFO - Processing /opt/airflow/dags/flatten_sources_dag.py took 0.368 seconds
[2026-02-01T20:41:04.091+0000] {processor.py:161} INFO - Started process (PID=73) to work on /opt/airflow/dags/flatten_sources_dag.py
[2026-02-01T20:41:04.092+0000] {processor.py:830} INFO - Processing file /opt/airflow/dags/flatten_sources_dag.py for tasks to queue
[2026-02-01T20:41:04.095+0000] {logging_mixin.py:188} INFO - [2026-02-01T20:41:04.094+0000] {dagbag.py:545} INFO - Filling up the DagBag from /opt/airflow/dags/flatten_sources_dag.py
[2026-02-01T20:41:04.381+0000] {processor.py:840} INFO - DAG(s) 'flatten_json_xml_to_linear' retrieved from /opt/airflow/dags/flatten_sources_dag.py
[2026-02-01T20:41:04.409+0000] {logging_mixin.py:188} INFO - [2026-02-01T20:41:04.409+0000] {dag.py:3089} INFO - Sync 1 DAGs
[2026-02-01T20:41:04.421+0000] {logging_mixin.py:188} INFO - [2026-02-01T20:41:04.421+0000] {dag.py:3947} INFO - Setting next_dagrun for flatten_json_xml_to_linear to None, run_after=None
[2026-02-01T20:41:04.442+0000] {processor.py:183} INFO - Processing /opt/airflow/dags/flatten_sources_dag.py took 0.358 seconds
[2026-02-01T20:41:34.604+0000] {processor.py:161} INFO - Started process (PID=75) to work on /opt/airflow/dags/flatten_sources_dag.py
[2026-02-01T20:41:34.605+0000] {processor.py:830} INFO - Processing file /opt/airflow/dags/flatten_sources_dag.py for tasks to queue
[2026-02-01T20:41:34.607+0000] {logging_mixin.py:188} INFO - [2026-02-01T20:41:34.607+0000] {dagbag.py:545} INFO - Filling up the DagBag from /opt/airflow/dags/flatten_sources_dag.py
[2026-02-01T20:41:34.900+0000] {processor.py:840} INFO - DAG(s) 'flatten_json_xml_to_linear' retrieved from /opt/airflow/dags/flatten_sources_dag.py
[2026-02-01T20:41:34.929+0000] {logging_mixin.py:188} INFO - [2026-02-01T20:41:34.929+0000] {dag.py:3089} INFO - Sync 1 DAGs
[2026-02-01T20:41:34.941+0000] {logging_mixin.py:188} INFO - [2026-02-01T20:41:34.941+0000] {dag.py:3947} INFO - Setting next_dagrun for flatten_json_xml_to_linear to None, run_after=None
[2026-02-01T20:41:34.958+0000] {processor.py:183} INFO - Processing /opt/airflow/dags/flatten_sources_dag.py took 0.359 seconds
[2026-02-01T20:42:05.118+0000] {processor.py:161} INFO - Started process (PID=77) to work on /opt/airflow/dags/flatten_sources_dag.py
[2026-02-01T20:42:05.119+0000] {processor.py:830} INFO - Processing file /opt/airflow/dags/flatten_sources_dag.py for tasks to queue
[2026-02-01T20:42:05.121+0000] {logging_mixin.py:188} INFO - [2026-02-01T20:42:05.121+0000] {dagbag.py:545} INFO - Filling up the DagBag from /opt/airflow/dags/flatten_sources_dag.py
[2026-02-01T20:42:05.384+0000] {processor.py:840} INFO - DAG(s) 'flatten_json_xml_to_linear' retrieved from /opt/airflow/dags/flatten_sources_dag.py
[2026-02-01T20:42:05.412+0000] {logging_mixin.py:188} INFO - [2026-02-01T20:42:05.412+0000] {dag.py:3089} INFO - Sync 1 DAGs
[2026-02-01T20:42:05.423+0000] {logging_mixin.py:188} INFO - [2026-02-01T20:42:05.423+0000] {dag.py:3947} INFO - Setting next_dagrun for flatten_json_xml_to_linear to None, run_after=None
[2026-02-01T20:42:05.442+0000] {processor.py:183} INFO - Processing /opt/airflow/dags/flatten_sources_dag.py took 0.332 seconds
[2026-02-01T20:42:35.596+0000] {processor.py:161} INFO - Started process (PID=79) to work on /opt/airflow/dags/flatten_sources_dag.py
[2026-02-01T20:42:35.598+0000] {processor.py:830} INFO - Processing file /opt/airflow/dags/flatten_sources_dag.py for tasks to queue
[2026-02-01T20:42:35.599+0000] {logging_mixin.py:188} INFO - [2026-02-01T20:42:35.599+0000] {dagbag.py:545} INFO - Filling up the DagBag from /opt/airflow/dags/flatten_sources_dag.py
[2026-02-01T20:42:35.873+0000] {processor.py:840} INFO - DAG(s) 'flatten_json_xml_to_linear' retrieved from /opt/airflow/dags/flatten_sources_dag.py
[2026-02-01T20:42:35.904+0000] {logging_mixin.py:188} INFO - [2026-02-01T20:42:35.903+0000] {dag.py:3089} INFO - Sync 1 DAGs
[2026-02-01T20:42:35.916+0000] {logging_mixin.py:188} INFO - [2026-02-01T20:42:35.916+0000] {dag.py:3947} INFO - Setting next_dagrun for flatten_json_xml_to_linear to None, run_after=None
[2026-02-01T20:42:35.936+0000] {processor.py:183} INFO - Processing /opt/airflow/dags/flatten_sources_dag.py took 0.346 seconds
[2026-02-01T20:43:06.094+0000] {processor.py:161} INFO - Started process (PID=81) to work on /opt/airflow/dags/flatten_sources_dag.py
[2026-02-01T20:43:06.096+0000] {processor.py:830} INFO - Processing file /opt/airflow/dags/flatten_sources_dag.py for tasks to queue
[2026-02-01T20:43:06.098+0000] {logging_mixin.py:188} INFO - [2026-02-01T20:43:06.098+0000] {dagbag.py:545} INFO - Filling up the DagBag from /opt/airflow/dags/flatten_sources_dag.py
[2026-02-01T20:43:06.410+0000] {processor.py:840} INFO - DAG(s) 'flatten_json_xml_to_linear' retrieved from /opt/airflow/dags/flatten_sources_dag.py
[2026-02-01T20:43:06.442+0000] {logging_mixin.py:188} INFO - [2026-02-01T20:43:06.441+0000] {dag.py:3089} INFO - Sync 1 DAGs
[2026-02-01T20:43:06.455+0000] {logging_mixin.py:188} INFO - [2026-02-01T20:43:06.454+0000] {dag.py:3947} INFO - Setting next_dagrun for flatten_json_xml_to_linear to None, run_after=None
[2026-02-01T20:43:06.475+0000] {processor.py:183} INFO - Processing /opt/airflow/dags/flatten_sources_dag.py took 0.388 seconds
[2026-02-01T20:43:36.622+0000] {processor.py:161} INFO - Started process (PID=83) to work on /opt/airflow/dags/flatten_sources_dag.py
[2026-02-01T20:43:36.623+0000] {processor.py:830} INFO - Processing file /opt/airflow/dags/flatten_sources_dag.py for tasks to queue
[2026-02-01T20:43:36.625+0000] {logging_mixin.py:188} INFO - [2026-02-01T20:43:36.624+0000] {dagbag.py:545} INFO - Filling up the DagBag from /opt/airflow/dags/flatten_sources_dag.py
[2026-02-01T20:43:36.918+0000] {processor.py:840} INFO - DAG(s) 'flatten_json_xml_to_linear' retrieved from /opt/airflow/dags/flatten_sources_dag.py
[2026-02-01T20:43:36.947+0000] {logging_mixin.py:188} INFO - [2026-02-01T20:43:36.947+0000] {dag.py:3089} INFO - Sync 1 DAGs
[2026-02-01T20:43:36.961+0000] {logging_mixin.py:188} INFO - [2026-02-01T20:43:36.961+0000] {dag.py:3947} INFO - Setting next_dagrun for flatten_json_xml_to_linear to None, run_after=None
[2026-02-01T20:43:36.979+0000] {processor.py:183} INFO - Processing /opt/airflow/dags/flatten_sources_dag.py took 0.363 seconds
[2026-02-01T20:44:07.143+0000] {processor.py:161} INFO - Started process (PID=85) to work on /opt/airflow/dags/flatten_sources_dag.py
[2026-02-01T20:44:07.145+0000] {processor.py:830} INFO - Processing file /opt/airflow/dags/flatten_sources_dag.py for tasks to queue
[2026-02-01T20:44:07.148+0000] {logging_mixin.py:188} INFO - [2026-02-01T20:44:07.147+0000] {dagbag.py:545} INFO - Filling up the DagBag from /opt/airflow/dags/flatten_sources_dag.py
[2026-02-01T20:44:07.433+0000] {processor.py:840} INFO - DAG(s) 'flatten_json_xml_to_linear' retrieved from /opt/airflow/dags/flatten_sources_dag.py
[2026-02-01T20:44:07.464+0000] {logging_mixin.py:188} INFO - [2026-02-01T20:44:07.464+0000] {dag.py:3089} INFO - Sync 1 DAGs
[2026-02-01T20:44:07.477+0000] {logging_mixin.py:188} INFO - [2026-02-01T20:44:07.476+0000] {dag.py:3947} INFO - Setting next_dagrun for flatten_json_xml_to_linear to None, run_after=None
[2026-02-01T20:44:07.495+0000] {processor.py:183} INFO - Processing /opt/airflow/dags/flatten_sources_dag.py took 0.359 seconds
[2026-02-01T20:44:37.643+0000] {processor.py:161} INFO - Started process (PID=87) to work on /opt/airflow/dags/flatten_sources_dag.py
[2026-02-01T20:44:37.644+0000] {processor.py:830} INFO - Processing file /opt/airflow/dags/flatten_sources_dag.py for tasks to queue
[2026-02-01T20:44:37.646+0000] {logging_mixin.py:188} INFO - [2026-02-01T20:44:37.645+0000] {dagbag.py:545} INFO - Filling up the DagBag from /opt/airflow/dags/flatten_sources_dag.py
[2026-02-01T20:44:37.946+0000] {processor.py:840} INFO - DAG(s) 'flatten_json_xml_to_linear' retrieved from /opt/airflow/dags/flatten_sources_dag.py
[2026-02-01T20:44:37.976+0000] {logging_mixin.py:188} INFO - [2026-02-01T20:44:37.976+0000] {dag.py:3089} INFO - Sync 1 DAGs
[2026-02-01T20:44:37.990+0000] {logging_mixin.py:188} INFO - [2026-02-01T20:44:37.990+0000] {dag.py:3947} INFO - Setting next_dagrun for flatten_json_xml_to_linear to None, run_after=None
[2026-02-01T20:44:38.010+0000] {processor.py:183} INFO - Processing /opt/airflow/dags/flatten_sources_dag.py took 0.376 seconds
[2026-02-01T20:45:08.195+0000] {processor.py:161} INFO - Started process (PID=89) to work on /opt/airflow/dags/flatten_sources_dag.py
[2026-02-01T20:45:08.196+0000] {processor.py:830} INFO - Processing file /opt/airflow/dags/flatten_sources_dag.py for tasks to queue
[2026-02-01T20:45:08.199+0000] {logging_mixin.py:188} INFO - [2026-02-01T20:45:08.198+0000] {dagbag.py:545} INFO - Filling up the DagBag from /opt/airflow/dags/flatten_sources_dag.py
[2026-02-01T20:45:08.479+0000] {processor.py:840} INFO - DAG(s) 'flatten_json_xml_to_linear' retrieved from /opt/airflow/dags/flatten_sources_dag.py
[2026-02-01T20:45:08.510+0000] {logging_mixin.py:188} INFO - [2026-02-01T20:45:08.509+0000] {dag.py:3089} INFO - Sync 1 DAGs
[2026-02-01T20:45:08.523+0000] {logging_mixin.py:188} INFO - [2026-02-01T20:45:08.523+0000] {dag.py:3947} INFO - Setting next_dagrun for flatten_json_xml_to_linear to None, run_after=None
[2026-02-01T20:45:08.544+0000] {processor.py:183} INFO - Processing /opt/airflow/dags/flatten_sources_dag.py took 0.356 seconds
[2026-02-01T20:45:38.706+0000] {processor.py:161} INFO - Started process (PID=91) to work on /opt/airflow/dags/flatten_sources_dag.py
[2026-02-01T20:45:38.707+0000] {processor.py:830} INFO - Processing file /opt/airflow/dags/flatten_sources_dag.py for tasks to queue
[2026-02-01T20:45:38.709+0000] {logging_mixin.py:188} INFO - [2026-02-01T20:45:38.708+0000] {dagbag.py:545} INFO - Filling up the DagBag from /opt/airflow/dags/flatten_sources_dag.py
[2026-02-01T20:45:39.007+0000] {processor.py:840} INFO - DAG(s) 'flatten_json_xml_to_linear' retrieved from /opt/airflow/dags/flatten_sources_dag.py
[2026-02-01T20:45:39.038+0000] {logging_mixin.py:188} INFO - [2026-02-01T20:45:39.037+0000] {dag.py:3089} INFO - Sync 1 DAGs
[2026-02-01T20:45:39.053+0000] {logging_mixin.py:188} INFO - [2026-02-01T20:45:39.053+0000] {dag.py:3947} INFO - Setting next_dagrun for flatten_json_xml_to_linear to None, run_after=None
[2026-02-01T20:45:39.071+0000] {processor.py:183} INFO - Processing /opt/airflow/dags/flatten_sources_dag.py took 0.371 seconds
[2026-02-01T20:46:09.249+0000] {processor.py:161} INFO - Started process (PID=93) to work on /opt/airflow/dags/flatten_sources_dag.py
[2026-02-01T20:46:09.251+0000] {processor.py:830} INFO - Processing file /opt/airflow/dags/flatten_sources_dag.py for tasks to queue
[2026-02-01T20:46:09.254+0000] {logging_mixin.py:188} INFO - [2026-02-01T20:46:09.253+0000] {dagbag.py:545} INFO - Filling up the DagBag from /opt/airflow/dags/flatten_sources_dag.py
[2026-02-01T20:46:09.718+0000] {processor.py:840} INFO - DAG(s) 'flatten_json_xml_to_linear' retrieved from /opt/airflow/dags/flatten_sources_dag.py
[2026-02-01T20:46:09.764+0000] {logging_mixin.py:188} INFO - [2026-02-01T20:46:09.763+0000] {dag.py:3089} INFO - Sync 1 DAGs
[2026-02-01T20:46:09.781+0000] {logging_mixin.py:188} INFO - [2026-02-01T20:46:09.781+0000] {dag.py:3947} INFO - Setting next_dagrun for flatten_json_xml_to_linear to None, run_after=None
[2026-02-01T20:46:09.805+0000] {processor.py:183} INFO - Processing /opt/airflow/dags/flatten_sources_dag.py took 0.564 seconds
[2026-02-01T20:46:39.982+0000] {processor.py:161} INFO - Started process (PID=95) to work on /opt/airflow/dags/flatten_sources_dag.py
[2026-02-01T20:46:39.983+0000] {processor.py:830} INFO - Processing file /opt/airflow/dags/flatten_sources_dag.py for tasks to queue
[2026-02-01T20:46:39.984+0000] {logging_mixin.py:188} INFO - [2026-02-01T20:46:39.984+0000] {dagbag.py:545} INFO - Filling up the DagBag from /opt/airflow/dags/flatten_sources_dag.py
[2026-02-01T20:46:40.276+0000] {processor.py:840} INFO - DAG(s) 'flatten_json_xml_to_linear' retrieved from /opt/airflow/dags/flatten_sources_dag.py
[2026-02-01T20:46:40.309+0000] {logging_mixin.py:188} INFO - [2026-02-01T20:46:40.308+0000] {dag.py:3089} INFO - Sync 1 DAGs
[2026-02-01T20:46:40.322+0000] {logging_mixin.py:188} INFO - [2026-02-01T20:46:40.322+0000] {dag.py:3947} INFO - Setting next_dagrun for flatten_json_xml_to_linear to None, run_after=None
[2026-02-01T20:46:40.342+0000] {processor.py:183} INFO - Processing /opt/airflow/dags/flatten_sources_dag.py took 0.366 seconds
[2026-02-01T20:46:47.400+0000] {processor.py:161} INFO - Started process (PID=97) to work on /opt/airflow/dags/flatten_sources_dag.py
[2026-02-01T20:46:47.402+0000] {processor.py:830} INFO - Processing file /opt/airflow/dags/flatten_sources_dag.py for tasks to queue
[2026-02-01T20:46:47.404+0000] {logging_mixin.py:188} INFO - [2026-02-01T20:46:47.404+0000] {dagbag.py:545} INFO - Filling up the DagBag from /opt/airflow/dags/flatten_sources_dag.py
[2026-02-01T20:46:47.707+0000] {processor.py:840} INFO - DAG(s) 'flatten_json_xml_to_linear' retrieved from /opt/airflow/dags/flatten_sources_dag.py
[2026-02-01T20:46:47.736+0000] {logging_mixin.py:188} INFO - [2026-02-01T20:46:47.736+0000] {dag.py:3089} INFO - Sync 1 DAGs
[2026-02-01T20:46:47.749+0000] {logging_mixin.py:188} INFO - [2026-02-01T20:46:47.749+0000] {dag.py:3947} INFO - Setting next_dagrun for flatten_json_xml_to_linear to None, run_after=None
[2026-02-01T20:46:47.776+0000] {processor.py:183} INFO - Processing /opt/airflow/dags/flatten_sources_dag.py took 0.383 seconds
[2026-02-01T20:47:17.950+0000] {processor.py:161} INFO - Started process (PID=135) to work on /opt/airflow/dags/flatten_sources_dag.py
[2026-02-01T20:47:17.951+0000] {processor.py:830} INFO - Processing file /opt/airflow/dags/flatten_sources_dag.py for tasks to queue
[2026-02-01T20:47:17.953+0000] {logging_mixin.py:188} INFO - [2026-02-01T20:47:17.953+0000] {dagbag.py:545} INFO - Filling up the DagBag from /opt/airflow/dags/flatten_sources_dag.py
[2026-02-01T20:47:18.253+0000] {processor.py:840} INFO - DAG(s) 'flatten_json_xml_to_linear' retrieved from /opt/airflow/dags/flatten_sources_dag.py
[2026-02-01T20:47:18.279+0000] {logging_mixin.py:188} INFO - [2026-02-01T20:47:18.279+0000] {dag.py:3089} INFO - Sync 1 DAGs
[2026-02-01T20:47:18.290+0000] {logging_mixin.py:188} INFO - [2026-02-01T20:47:18.290+0000] {dag.py:3947} INFO - Setting next_dagrun for flatten_json_xml_to_linear to None, run_after=None
[2026-02-01T20:47:18.472+0000] {processor.py:183} INFO - Processing /opt/airflow/dags/flatten_sources_dag.py took 0.530 seconds
[2026-02-01T20:47:48.644+0000] {processor.py:161} INFO - Started process (PID=137) to work on /opt/airflow/dags/flatten_sources_dag.py
[2026-02-01T20:47:48.645+0000] {processor.py:830} INFO - Processing file /opt/airflow/dags/flatten_sources_dag.py for tasks to queue
[2026-02-01T20:47:48.647+0000] {logging_mixin.py:188} INFO - [2026-02-01T20:47:48.647+0000] {dagbag.py:545} INFO - Filling up the DagBag from /opt/airflow/dags/flatten_sources_dag.py
[2026-02-01T20:47:48.976+0000] {processor.py:840} INFO - DAG(s) 'flatten_json_xml_to_linear' retrieved from /opt/airflow/dags/flatten_sources_dag.py
[2026-02-01T20:47:49.009+0000] {logging_mixin.py:188} INFO - [2026-02-01T20:47:49.008+0000] {dag.py:3089} INFO - Sync 1 DAGs
[2026-02-01T20:47:49.023+0000] {logging_mixin.py:188} INFO - [2026-02-01T20:47:49.023+0000] {dag.py:3947} INFO - Setting next_dagrun for flatten_json_xml_to_linear to None, run_after=None
[2026-02-01T20:47:49.045+0000] {processor.py:183} INFO - Processing /opt/airflow/dags/flatten_sources_dag.py took 0.409 seconds
[2026-02-01T20:48:19.220+0000] {processor.py:161} INFO - Started process (PID=139) to work on /opt/airflow/dags/flatten_sources_dag.py
[2026-02-01T20:48:19.221+0000] {processor.py:830} INFO - Processing file /opt/airflow/dags/flatten_sources_dag.py for tasks to queue
[2026-02-01T20:48:19.223+0000] {logging_mixin.py:188} INFO - [2026-02-01T20:48:19.222+0000] {dagbag.py:545} INFO - Filling up the DagBag from /opt/airflow/dags/flatten_sources_dag.py
[2026-02-01T20:48:19.536+0000] {processor.py:840} INFO - DAG(s) 'flatten_json_xml_to_linear' retrieved from /opt/airflow/dags/flatten_sources_dag.py
[2026-02-01T20:48:19.573+0000] {logging_mixin.py:188} INFO - [2026-02-01T20:48:19.572+0000] {dag.py:3089} INFO - Sync 1 DAGs
[2026-02-01T20:48:19.591+0000] {logging_mixin.py:188} INFO - [2026-02-01T20:48:19.591+0000] {dag.py:3947} INFO - Setting next_dagrun for flatten_json_xml_to_linear to None, run_after=None
[2026-02-01T20:48:19.625+0000] {processor.py:183} INFO - Processing /opt/airflow/dags/flatten_sources_dag.py took 0.411 seconds
[2026-02-01T20:48:49.795+0000] {processor.py:161} INFO - Started process (PID=141) to work on /opt/airflow/dags/flatten_sources_dag.py
[2026-02-01T20:48:49.796+0000] {processor.py:830} INFO - Processing file /opt/airflow/dags/flatten_sources_dag.py for tasks to queue
[2026-02-01T20:48:49.799+0000] {logging_mixin.py:188} INFO - [2026-02-01T20:48:49.798+0000] {dagbag.py:545} INFO - Filling up the DagBag from /opt/airflow/dags/flatten_sources_dag.py
[2026-02-01T20:48:50.125+0000] {processor.py:840} INFO - DAG(s) 'flatten_json_xml_to_linear' retrieved from /opt/airflow/dags/flatten_sources_dag.py
[2026-02-01T20:48:50.159+0000] {logging_mixin.py:188} INFO - [2026-02-01T20:48:50.158+0000] {dag.py:3089} INFO - Sync 1 DAGs
[2026-02-01T20:48:50.173+0000] {logging_mixin.py:188} INFO - [2026-02-01T20:48:50.172+0000] {dag.py:3947} INFO - Setting next_dagrun for flatten_json_xml_to_linear to None, run_after=None
[2026-02-01T20:48:50.192+0000] {processor.py:183} INFO - Processing /opt/airflow/dags/flatten_sources_dag.py took 0.403 seconds
[2026-02-01T20:49:20.354+0000] {processor.py:161} INFO - Started process (PID=143) to work on /opt/airflow/dags/flatten_sources_dag.py
[2026-02-01T20:49:20.355+0000] {processor.py:830} INFO - Processing file /opt/airflow/dags/flatten_sources_dag.py for tasks to queue
[2026-02-01T20:49:20.357+0000] {logging_mixin.py:188} INFO - [2026-02-01T20:49:20.357+0000] {dagbag.py:545} INFO - Filling up the DagBag from /opt/airflow/dags/flatten_sources_dag.py
[2026-02-01T20:49:20.680+0000] {processor.py:840} INFO - DAG(s) 'flatten_json_xml_to_linear' retrieved from /opt/airflow/dags/flatten_sources_dag.py
[2026-02-01T20:49:20.709+0000] {logging_mixin.py:188} INFO - [2026-02-01T20:49:20.709+0000] {dag.py:3089} INFO - Sync 1 DAGs
[2026-02-01T20:49:20.721+0000] {logging_mixin.py:188} INFO - [2026-02-01T20:49:20.721+0000] {dag.py:3947} INFO - Setting next_dagrun for flatten_json_xml_to_linear to None, run_after=None
[2026-02-01T20:49:20.740+0000] {processor.py:183} INFO - Processing /opt/airflow/dags/flatten_sources_dag.py took 0.394 seconds
[2026-02-01T20:49:50.898+0000] {processor.py:161} INFO - Started process (PID=145) to work on /opt/airflow/dags/flatten_sources_dag.py
[2026-02-01T20:49:50.899+0000] {processor.py:830} INFO - Processing file /opt/airflow/dags/flatten_sources_dag.py for tasks to queue
[2026-02-01T20:49:50.901+0000] {logging_mixin.py:188} INFO - [2026-02-01T20:49:50.900+0000] {dagbag.py:545} INFO - Filling up the DagBag from /opt/airflow/dags/flatten_sources_dag.py
[2026-02-01T20:49:51.173+0000] {processor.py:840} INFO - DAG(s) 'flatten_json_xml_to_linear' retrieved from /opt/airflow/dags/flatten_sources_dag.py
[2026-02-01T20:49:51.207+0000] {logging_mixin.py:188} INFO - [2026-02-01T20:49:51.207+0000] {dag.py:3089} INFO - Sync 1 DAGs
[2026-02-01T20:49:51.431+0000] {logging_mixin.py:188} INFO - [2026-02-01T20:49:51.431+0000] {dag.py:3947} INFO - Setting next_dagrun for flatten_json_xml_to_linear to None, run_after=None
[2026-02-01T20:49:51.457+0000] {processor.py:183} INFO - Processing /opt/airflow/dags/flatten_sources_dag.py took 0.564 seconds
